#
# There is insufficient memory for the Java Runtime Environment to continue.
# Native memory allocation (mmap) failed to map 67108864 bytes for G1 virtual space
# Possible reasons:
#   The system is out of physical RAM or swap space
#   The process is running with CompressedOops enabled, and the Java Heap may be blocking the growth of the native heap
# Possible solutions:
#   Reduce memory load on the system
#   Increase physical memory or swap space
#   Check if swap backing store is full
#   Decrease Java heap size (-Xmx/-Xms)
#   Decrease number of Java threads
#   Decrease Java thread stack sizes (-Xss)
#   Set larger code cache with -XX:ReservedCodeCacheSize=
#   JVM is running with Unscaled Compressed Oops mode in which the Java heap is
#     placed in the first 4GB address space. The Java Heap base address is the
#     maximum limit for the native heap growth. Please use -XX:HeapBaseMinAddress
#     to set the Java Heap base and to place the Java Heap above 4GB virtual address.
# This output file may be truncated or incomplete.
#
#  Out of Memory Error (os_windows.cpp:3541), pid=24108, tid=22896
#
# JRE version:  (17.0.4.1+1) (build )
# Java VM: OpenJDK 64-Bit Server VM (17.0.4.1+1, mixed mode, sharing, tiered, compressed oops, compressed class ptrs, g1 gc, windows-amd64)
# No core dump will be written. Minidumps are not enabled by default on client versions of Windows
#

---------------  S U M M A R Y ------------

Command Line: -Dfile.encoding=UTF-8 -XX:+ShowCodeDetailsInExceptionMessages emails.Main

Host: Intel(R) Core(TM) i5-4210U CPU @ 1.70GHz, 4 cores, 3G,  Windows 10 , 64 bit Build 19041 (10.0.19041.1889)
Time: Thu Oct 20 20:13:35 2022 Hora de verano romance elapsed time: 0.046726 seconds (0d 0h 0m 0s)

---------------  T H R E A D  ---------------

Current thread (0x0000023f21e2c930):  JavaThread "Unknown thread" [_thread_in_vm, id=22896, stack(0x0000009496b00000,0x0000009496c00000)]

Stack: [0x0000009496b00000,0x0000009496c00000]
Native frames: (J=compiled Java code, j=interpreted, Vv=VM code, C=native code)
V  [jvm.dll+0x67731a]
V  [jvm.dll+0x832284]
V  [jvm.dll+0x833a2e]
V  [jvm.dll+0x834093]
V  [jvm.dll+0x245775]
V  [jvm.dll+0x674209]
V  [jvm.dll+0x668a92]
V  [jvm.dll+0x30471b]
V  [jvm.dll+0x30bc66]
V  [jvm.dll+0x35ba9e]
V  [jvm.dll+0x35bccf]
V  [jvm.dll+0x2db5b8]
V  [jvm.dll+0x2dc524]
V  [jvm.dll+0x803db1]
V  [jvm.dll+0x3698f1]
V  [jvm.dll+0x7e31bc]
V  [jvm.dll+0x3ec25f]
V  [jvm.dll+0x3edde1]
C  [jli.dll+0x5277]
C  [ucrtbase.dll+0x21bb2]
C  [KERNEL32.DLL+0x17034]
C  [ntdll.dll+0x526a1]


---------------  P R O C E S S  ---------------

Threads class SMR info:
_java_thread_list=0x00007ff8613e4e98, length=0, elements={
}

Java Threads: ( => current thread )

Other Threads:
  0x0000023f21e68c20 GCTaskThread "GC Thread#0" [stack: 0x0000009496c00000,0x0000009496d00000] [id=12748]
  0x0000023f21e72940 ConcurrentGCThread "G1 Main Marker" [stack: 0x0000009496d00000,0x0000009496e00000] [id=19888]
  0x0000023f21e73af0 ConcurrentGCThread "G1 Conc#0" [stack: 0x0000009496e00000,0x0000009496f00000] [id=5480]

[error occurred during error reporting (printing all threads), id 0xc0000005, EXCEPTION_ACCESS_VIOLATION (0xc0000005) at pc=0x00007ff860bbc047]

VM state: not at safepoint (not fully initialized)

VM Mutex/Monitor currently owned by a thread:  ([mutex/lock_event])
[0x0000023f21e287a0] Heap_lock - owner thread: 0x0000023f21e2c930

Heap address: 0x00000000c1200000, size: 1006 MB, Compressed Oops mode: 32-bit

CDS archive(s) mapped at: [0x0000000000000000-0x0000000000000000-0x0000000000000000), size 0, SharedBaseAddress: 0x0000000800000000, ArchiveRelocationMode: 0.
Narrow klass base: 0x0000000000000000, Narrow klass shift: 0, Narrow klass range: 0x0

GC Precious Log:
<Empty>

Heap:
 garbage-first heap   total 0K, used 0K [0x00000000c1200000, 0x0000000100000000)
  region size 1024K, 0 young (0K), 0 survivors (0K)

[error occurred during error reporting (printing heap information), id 0xc0000005, EXCEPTION_ACCESS_VIOLATION (0xc0000005) at pc=0x00007ff860fa0699]

GC Heap History (0 events):
No events

Deoptimization events (0 events):
No events

Classes unloaded (0 events):
No events

Classes redefined (0 events):
No events

Internal exceptions (0 events):
No events

VM Operations (0 events):
No events

Events (1 events):
Event: 0.030 Loaded shared library C:\Users\josejuan\.p2\pool\plugins\org.eclipse.justj.openjdk.hotspot.jre.full.win32.x86_64_17.0.4.v20220903-1038\jre\bin\java.dll


Dynamic libraries:
0x00007ff762630000 - 0x00007ff76263e000 	C:\Users\josejuan\.p2\pool\plugins\org.eclipse.justj.openjdk.hotspot.jre.full.win32.x86_64_17.0.4.v20220903-1038\jre\bin\javaw.exe
0x00007ff8cb410000 - 0x00007ff8cb608000 	C:\WINDOWS\SYSTEM32\ntdll.dll
0x00007ff8c9890000 - 0x00007ff8c994d000 	C:\WINDOWS\System32\KERNEL32.DLL
0x00007ff8c8d60000 - 0x00007ff8c9032000 	C:\WINDOWS\System32\KERNELBASE.dll
0x00007ff8c9370000 - 0x00007ff8c9470000 	C:\WINDOWS\System32\ucrtbase.dll
0x00007ff8b96a0000 - 0x00007ff8b96b9000 	C:\Users\josejuan\.p2\pool\plugins\org.eclipse.justj.openjdk.hotspot.jre.full.win32.x86_64_17.0.4.v20220903-1038\jre\bin\VCRUNTIME140.dll
0x00007ff8b9680000 - 0x00007ff8b9698000 	C:\Users\josejuan\.p2\pool\plugins\org.eclipse.justj.openjdk.hotspot.jre.full.win32.x86_64_17.0.4.v20220903-1038\jre\bin\jli.dll
0x00007ff8c9d80000 - 0x00007ff8c9f1d000 	C:\WINDOWS\System32\USER32.dll
0x00007ff8c90e0000 - 0x00007ff8c9102000 	C:\WINDOWS\System32\win32u.dll
0x00007ff8ca8f0000 - 0x00007ff8ca91b000 	C:\WINDOWS\System32\GDI32.dll
0x00007ff8c8ba0000 - 0x00007ff8c8caf000 	C:\WINDOWS\System32\gdi32full.dll
0x00007ff8c9040000 - 0x00007ff8c90dd000 	C:\WINDOWS\System32\msvcp_win.dll
0x00007ff8ace20000 - 0x00007ff8ad0ba000 	C:\WINDOWS\WinSxS\amd64_microsoft.windows.common-controls_6595b64144ccf1df_6.0.19041.1110_none_60b5254171f9507e\COMCTL32.dll
0x00007ff8ca1d0000 - 0x00007ff8ca26e000 	C:\WINDOWS\System32\msvcrt.dll
0x00007ff8c96b0000 - 0x00007ff8c96e0000 	C:\WINDOWS\System32\IMM32.DLL
0x00007ff8c49c0000 - 0x00007ff8c49cc000 	C:\Users\josejuan\.p2\pool\plugins\org.eclipse.justj.openjdk.hotspot.jre.full.win32.x86_64_17.0.4.v20220903-1038\jre\bin\vcruntime140_1.dll
0x00007ff87a740000 - 0x00007ff87a7d1000 	C:\Users\josejuan\.p2\pool\plugins\org.eclipse.justj.openjdk.hotspot.jre.full.win32.x86_64_17.0.4.v20220903-1038\jre\bin\msvcp140.dll
0x00007ff8608d0000 - 0x00007ff861516000 	C:\Users\josejuan\.p2\pool\plugins\org.eclipse.justj.openjdk.hotspot.jre.full.win32.x86_64_17.0.4.v20220903-1038\jre\bin\server\jvm.dll
0x00007ff8c9970000 - 0x00007ff8c9a1e000 	C:\WINDOWS\System32\ADVAPI32.dll
0x00007ff8c9610000 - 0x00007ff8c96ac000 	C:\WINDOWS\System32\sechost.dll
0x00007ff8c94d0000 - 0x00007ff8c95f5000 	C:\WINDOWS\System32\RPCRT4.dll
0x00007ff8ca8e0000 - 0x00007ff8ca8e8000 	C:\WINDOWS\System32\PSAPI.DLL
0x00007ff8bdd60000 - 0x00007ff8bdd69000 	C:\WINDOWS\SYSTEM32\WSOCK32.dll
0x00007ff8ca100000 - 0x00007ff8ca16b000 	C:\WINDOWS\System32\WS2_32.dll
0x00007ff8be030000 - 0x00007ff8be057000 	C:\WINDOWS\SYSTEM32\WINMM.dll
0x00007ff8c05a0000 - 0x00007ff8c05aa000 	C:\WINDOWS\SYSTEM32\VERSION.dll
0x00007ff8c6900000 - 0x00007ff8c6912000 	C:\WINDOWS\SYSTEM32\kernel.appcore.dll
0x00007ff8b5570000 - 0x00007ff8b557a000 	C:\Users\josejuan\.p2\pool\plugins\org.eclipse.justj.openjdk.hotspot.jre.full.win32.x86_64_17.0.4.v20220903-1038\jre\bin\jimage.dll
0x00007ff8ba050000 - 0x00007ff8ba234000 	C:\WINDOWS\SYSTEM32\DBGHELP.DLL
0x00007ff8b9ee0000 - 0x00007ff8b9f0c000 	C:\WINDOWS\SYSTEM32\dbgcore.DLL
0x00007ff8c9110000 - 0x00007ff8c9192000 	C:\WINDOWS\System32\bcryptPrimitives.dll
0x00007ff8ac6b0000 - 0x00007ff8ac6d5000 	C:\Users\josejuan\.p2\pool\plugins\org.eclipse.justj.openjdk.hotspot.jre.full.win32.x86_64_17.0.4.v20220903-1038\jre\bin\java.dll

dbghelp: loaded successfully - version: 4.0.5 - missing functions: none
symbol engine: initialized successfully - sym options: 0x614 - pdb path: .;C:\Users\josejuan\.p2\pool\plugins\org.eclipse.justj.openjdk.hotspot.jre.full.win32.x86_64_17.0.4.v20220903-1038\jre\bin;C:\WINDOWS\SYSTEM32;C:\WINDOWS\WinSxS\amd64_microsoft.windows.common-controls_6595b64144ccf1df_6.0.19041.1110_none_60b5254171f9507e;C:\Users\josejuan\.p2\pool\plugins\org.eclipse.justj.openjdk.hotspot.jre.full.win32.x86_64_17.0.4.v20220903-1038\jre\bin\server

VM Arguments:
jvm_args: -Dfile.encoding=UTF-8 -XX:+ShowCodeDetailsInExceptionMessages 
java_command: emails.Main
java_class_path (initial): C:\Users\josejuan\eclipse-workspace\Emails\target\classes;C:\Users\josejuan\.m2\repository\mysql\mysql-connector-java\8.0.16\mysql-connector-java-8.0.16.jar;C:\Users\josejuan\.m2\repository\com\google\protobuf\protobuf-java\3.6.1\protobuf-java-3.6.1.jar
Launcher Type: SUN_STANDARD

[Global flags]
     intx CICompilerCount                          = 3                                         {product} {ergonomic}
     uint ConcGCThreads                            = 1                                         {product} {ergonomic}
     uint G1ConcRefinementThreads                  = 4                                         {product} {ergonomic}
   size_t G1HeapRegionSize                         = 1048576                                   {product} {ergonomic}
    uintx GCDrainStackTargetSize                   = 64                                        {product} {ergonomic}
   size_t InitialHeapSize                          = 67108864                                  {product} {ergonomic}
   size_t MarkStackSize                            = 4194304                                   {product} {ergonomic}
   size_t MaxHeapSize                              = 1054867456                                {product} {ergonomic}
   size_t MinHeapDeltaBytes                        = 1048576                                   {product} {ergonomic}
   size_t MinHeapSize                              = 8388608                                   {product} {ergonomic}
    uintx NonNMethodCodeHeapSize                   = 5832780                                {pd product} {ergonomic}
    uintx NonProfiledCodeHeapSize                  = 122912730                              {pd product} {ergonomic}
    uintx ProfiledCodeHeapSize                     = 122912730                              {pd product} {ergonomic}
    uintx ReservedCodeCacheSize                    = 251658240                              {pd product} {ergonomic}
     bool SegmentedCodeCache                       = true                                      {product} {ergonomic}
     bool ShowCodeDetailsInExceptionMessages       = true                                   {manageable} {command line}
   size_t SoftMaxHeapSize                          = 1054867456                             {manageable} {ergonomic}
     bool UseCompressedClassPointers               = true                           {product lp64_product} {ergonomic}
     bool UseCompressedOops                        = true                           {product lp64_product} {ergonomic}
     bool UseG1GC                                  = true                                      {product} {ergonomic}
     bool UseLargePagesIndividualAllocation        = false                                  {pd product} {ergonomic}

Logging:
Log output configuration:
 #0: stdout all=warning uptime,level,tags
 #1: stderr all=off uptime,level,tags

Environment Variables:
PATH=C:/Users/josejuan/.p2/pool/plugins/org.eclipse.justj.openjdk.hotspot.jre.full.win32.x86_64_17.0.4.v20220903-1038/jre/bin/server;C:/Users/josejuan/.p2/pool/plugins/org.eclipse.justj.openjdk.hotspot.jre.full.win32.x86_64_17.0.4.v20220903-1038/jre/bin;C:\Program Files (x86)\Common Files\Oracle\Java\javapath;C:\WINDOWS\system32;C:\WINDOWS;C:\WINDOWS\System32\Wbem;C:\WINDOWS\System32\WindowsPowerShell\v1.0\;C:\Program Files (x86)\Windows Live\Shared;C:\Program Files (x86)\Calibre2\;C:\WINDOWS\System32\OpenSSH\;C:\MSDEV\BIN;C:\Program Files (x86)\Silverfrost\FTN95;C:\Program Files\Git\cmd;C:\Program Files\MySQL\MySQL Shell 8.0\bin\;C:\Users\josejuan\AppData\Local\Microsoft\WindowsApps;;C:\Users\josejuan\Desktop;
USERNAME=josejuan
OS=Windows_NT
PROCESSOR_IDENTIFIER=Intel64 Family 6 Model 69 Stepping 1, GenuineIntel
TMP=C:\Users\josejuan\AppData\Local\Temp
TEMP=C:\Users\josejuan\AppData\Local\Temp



---------------  S Y S T E M  ---------------

OS:
 Windows 10 , 64 bit Build 19041 (10.0.19041.1889)
OS uptime: 3 days 0:30 hours

CPU: total 4 (initial active 4) (2 cores per cpu, 2 threads per core) family 6 model 69 stepping 1 microcode 0x25, cx8, cmov, fxsr, ht, mmx, sse, sse2, sse3, ssse3, sse4.1, sse4.2, popcnt, lzcnt, tsc, tscinvbit, avx, avx2, aes, erms, clmul, bmi1, bmi2, fma, vzeroupper, clflush

Memory: 4k page, system-wide physical 4019M (342M free)
TotalPageFile size 16307M (AvailPageFile size 35M)
current process WorkingSet (physical memory assigned to process): 10M, peak: 10M
current process commit charge ("private bytes"): 51M, peak: 115M

vm_info: OpenJDK 64-Bit Server VM (17.0.4.1+1) for windows-amd64 JRE (17.0.4.1+1), built on Aug 17 2022 07:42:43 by "temurin" with MS VC++ 16.7 (VS2019)

END.
